<error><code>0</code><date time='1310459550'>07.12.11 - 14:32:30</date><file>V:\home\buket_debug\www\App_Code\PHP\Smarty\sysplugins\smarty_internal_templatecompilerbase.php</file><line>441</line><message>Syntax Error in template &quot;V:/home/buket_debug/www/template/Admin/../modules.tpl&quot;  on line 1 &quot;{{*include file=&amp;quot;../nojs.tpl&amp;quot;*}}&quot;  - Unexpected &quot;*&quot;</message><stack>Smarty_Internal_TemplateCompilerBase::trigger_template_error()  файл V:\home\buket_debug\www\App_Code\PHP\Smarty\sysplugins\smarty_internal_templateparser.php : строка 2889
Smarty_Internal_Templateparser::yy_syntax_error(integer, string)  файл V:\home\buket_debug\www\App_Code\PHP\Smarty\sysplugins\smarty_internal_templateparser.php : строка 2954
Smarty_Internal_Templateparser::doParse(integer, string)  файл V:\home\buket_debug\www\App_Code\PHP\Smarty\sysplugins\smarty_internal_smartytemplatecompiler.php : строка 51
Smarty_Internal_SmartyTemplateCompiler::doCompile(string)  файл V:\home\buket_debug\www\App_Code\PHP\Smarty\sysplugins\smarty_internal_templatecompilerbase.php : строка 82
Smarty_Internal_TemplateCompilerBase::compileTemplate(object)  файл V:\home\buket_debug\www\App_Code\PHP\Smarty\sysplugins\smarty_internal_template.php : строка 260
Smarty_Internal_Template::compileTemplateSource()  файл V:\home\buket_debug\www\App_Code\PHP\Smarty\sysplugins\smarty_internal_template.php : строка 424
Smarty_Internal_Template::renderTemplate()  файл V:\home\buket_debug\www\App_Code\PHP\Smarty\sysplugins\smarty_internal_template.php : строка 569
Smarty_Internal_Template::getRenderedTemplate()  файл V:\home\buket_debug\www\template\Admin\compile\7ced75265bfcd799de37cf18a7afce014901a53e.file.index.tpl.php : строка 78
include(string)  файл V:\home\buket_debug\www\App_Code\PHP\Smarty\sysplugins\smarty_internal_template.php : строка 434
Smarty_Internal_Template::renderTemplate()  файл V:\home\buket_debug\www\App_Code\PHP\Smarty\sysplugins\smarty_internal_template.php : строка 569
Smarty_Internal_Template::getRenderedTemplate()  файл V:\home\buket_debug\www\App_Code\PHP\Smarty\Smarty.class.php : строка 338
Smarty::fetch(string, NULL, NULL, NULL, boolean)  файл V:\home\buket_debug\www\App_Code\PHP\Smarty\Smarty.class.php : строка 382
Smarty::display(string)  файл V:\home\buket_debug\www\App_Code\BLL\AppEngine.php : строка 570
BLL_AppEngine::Render()  файл V:\home\buket_debug\www\admin\index.php : строка 38
</stack><url>/admin/PagesList</url><ip>127.0.0.1</ip></error>
<error><code>0</code><date time='1310462890'>07.12.11 - 15:28:10</date><file>V:\home\buket_debug\www\App_Code\PHP\Smarty\sysplugins\smarty_internal_wrapper.php</file><line>117</line><message>unknown method &#039;registered_plugins&#039;</message><stack>Smarty_Internal_Wrapper::convert(string, array)  файл V:\home\buket_debug\www\App_Code\PHP\Smarty\Smarty.class.php : строка 765
Smarty::__call(string, array)  файл V:\home\buket_debug\www\App_Code\BLL\AppEngine.php : строка 334
Smarty::registered_plugins(string, string, array)  файл V:\home\buket_debug\www\App_Code\BLL\AppEngine.php : строка 334
BLL_AppEngine::LoadPage()  файл V:\home\buket_debug\www\admin\index.php : строка 36
</stack><url>/admin/PagesList</url><ip>127.0.0.1</ip></error>
<error><code>0</code><date time='1310462890'>07.12.11 - 15:28:10</date><file>V:\home\buket_debug\www\App_Code\PHP\Smarty\sysplugins\smarty_internal_wrapper.php</file><line>117</line><message>unknown method &#039;registered_plugins&#039;</message><stack>Smarty_Internal_Wrapper::convert(string, array)  файл V:\home\buket_debug\www\App_Code\PHP\Smarty\Smarty.class.php : строка 765
Smarty::__call(string, array)  файл V:\home\buket_debug\www\App_Code\BLL\AppEngine.php : строка 334
Smarty::registered_plugins(string, string, array)  файл V:\home\buket_debug\www\App_Code\BLL\AppEngine.php : строка 334
BLL_AppEngine::LoadPage()  файл V:\home\buket_debug\www\index.php : строка 19
</stack><url>/favicon.ico</url><ip>127.0.0.1</ip></error>
<error><code>0</code><date time='1310467833'>07.12.11 - 16:50:33</date><file>V:\home\buket_debug\www\App_Code\PHP\Smarty\sysplugins\smarty_internal_templatecompilerbase.php</file><line>441</line><message>Syntax Error in template &quot;V:/home/buket_debug/www/admin/module/FileManager/module.tpl&quot;  on line 11 &quot;var fm = new elFinder(document.getElementById(&#039;my-div&#039;), {url : &#039;/util/elfinder-2.0-beta/php/connector.php&#039;,lang : &#039;ru&#039;});&quot;  - Unexpected &quot; : &quot;, expected one of: &quot;}&quot; , &quot; &quot;</message><stack>Smarty_Internal_TemplateCompilerBase::trigger_template_error()  файл V:\home\buket_debug\www\App_Code\PHP\Smarty\sysplugins\smarty_internal_templateparser.php : строка 2889
Smarty_Internal_Templateparser::yy_syntax_error(integer, string)  файл V:\home\buket_debug\www\App_Code\PHP\Smarty\sysplugins\smarty_internal_templateparser.php : строка 2954
Smarty_Internal_Templateparser::doParse(integer, string)  файл V:\home\buket_debug\www\App_Code\PHP\Smarty\sysplugins\smarty_internal_smartytemplatecompiler.php : строка 51
Smarty_Internal_SmartyTemplateCompiler::doCompile(string)  файл V:\home\buket_debug\www\App_Code\PHP\Smarty\sysplugins\smarty_internal_templatecompilerbase.php : строка 82
Smarty_Internal_TemplateCompilerBase::compileTemplate(object)  файл V:\home\buket_debug\www\App_Code\PHP\Smarty\sysplugins\smarty_internal_template.php : строка 260
Smarty_Internal_Template::compileTemplateSource()  файл V:\home\buket_debug\www\App_Code\PHP\Smarty\sysplugins\smarty_internal_template.php : строка 424
Smarty_Internal_Template::renderTemplate()  файл V:\home\buket_debug\www\App_Code\PHP\Smarty\sysplugins\smarty_internal_template.php : строка 569
Smarty_Internal_Template::getRenderedTemplate()  файл V:\home\buket_debug\www\template\Admin\compile\fa1088946662cb61c83d32d2a4096f68d227b72e.file.modules.tpl.php : строка 51
include(string)  файл V:\home\buket_debug\www\App_Code\PHP\Smarty\sysplugins\smarty_internal_template.php : строка 434
Smarty_Internal_Template::renderTemplate()  файл V:\home\buket_debug\www\App_Code\PHP\Smarty\sysplugins\smarty_internal_template.php : строка 569
Smarty_Internal_Template::getRenderedTemplate()  файл V:\home\buket_debug\www\template\Admin\compile\7ced75265bfcd799de37cf18a7afce014901a53e.file.index.tpl.php : строка 78
include(string)  файл V:\home\buket_debug\www\App_Code\PHP\Smarty\sysplugins\smarty_internal_template.php : строка 434
Smarty_Internal_Template::renderTemplate()  файл V:\home\buket_debug\www\App_Code\PHP\Smarty\sysplugins\smarty_internal_template.php : строка 569
Smarty_Internal_Template::getRenderedTemplate()  файл V:\home\buket_debug\www\App_Code\PHP\Smarty\Smarty.class.php : строка 338
Smarty::fetch(string, NULL, NULL, NULL, boolean)  файл V:\home\buket_debug\www\App_Code\PHP\Smarty\Smarty.class.php : строка 382
Smarty::display(string)  файл V:\home\buket_debug\www\App_Code\BLL\AppEngine.php : строка 570
BLL_AppEngine::Render()  файл V:\home\buket_debug\www\admin\index.php : строка 38
</stack><url>/admin/FileManager</url><ip>127.0.0.1</ip></error>
<error><code>0</code><date time='1310468220'>07.12.11 - 16:57:00</date><file>V:\home\buket_debug\www\App_Code\PHP\Smarty\plugins\block.php.php</file><line>21</line><message>{php} is deprecated, set allow_php_tag = true to enable</message><stack>smarty_block_php(array, NULL, object, boolean)  файл V:\home\buket_debug\www\template\Admin\compile\13951ca48fe2f098ac89e4bb186a22ab277c3609.file.module.tpl.php : строка 21
include(string)  файл V:\home\buket_debug\www\App_Code\PHP\Smarty\sysplugins\smarty_internal_template.php : строка 434
Smarty_Internal_Template::renderTemplate()  файл V:\home\buket_debug\www\App_Code\PHP\Smarty\sysplugins\smarty_internal_template.php : строка 569
Smarty_Internal_Template::getRenderedTemplate()  файл V:\home\buket_debug\www\template\Admin\compile\fa1088946662cb61c83d32d2a4096f68d227b72e.file.modules.tpl.php : строка 51
include(string)  файл V:\home\buket_debug\www\App_Code\PHP\Smarty\sysplugins\smarty_internal_template.php : строка 434
Smarty_Internal_Template::renderTemplate()  файл V:\home\buket_debug\www\App_Code\PHP\Smarty\sysplugins\smarty_internal_template.php : строка 569
Smarty_Internal_Template::getRenderedTemplate()  файл V:\home\buket_debug\www\template\Admin\compile\7ced75265bfcd799de37cf18a7afce014901a53e.file.index.tpl.php : строка 73
include(string)  файл V:\home\buket_debug\www\App_Code\PHP\Smarty\sysplugins\smarty_internal_template.php : строка 434
Smarty_Internal_Template::renderTemplate()  файл V:\home\buket_debug\www\App_Code\PHP\Smarty\sysplugins\smarty_internal_template.php : строка 569
Smarty_Internal_Template::getRenderedTemplate()  файл V:\home\buket_debug\www\App_Code\PHP\Smarty\Smarty.class.php : строка 338
Smarty::fetch(string, NULL, NULL, NULL, boolean)  файл V:\home\buket_debug\www\App_Code\PHP\Smarty\Smarty.class.php : строка 382
Smarty::display(string)  файл V:\home\buket_debug\www\App_Code\BLL\AppEngine.php : строка 570
BLL_AppEngine::Render()  файл V:\home\buket_debug\www\admin\index.php : строка 38
</stack><url>/admin/Bd</url><ip>127.0.0.1</ip></error>
<error><code>0</code><date time='1310468224'>07.12.11 - 16:57:04</date><file>V:\home\buket_debug\www\App_Code\PHP\Smarty\plugins\block.php.php</file><line>21</line><message>{php} is deprecated, set allow_php_tag = true to enable</message><stack>smarty_block_php(array, NULL, object, boolean)  файл V:\home\buket_debug\www\template\Admin\compile\13951ca48fe2f098ac89e4bb186a22ab277c3609.file.module.tpl.php : строка 21
include(string)  файл V:\home\buket_debug\www\App_Code\PHP\Smarty\sysplugins\smarty_internal_template.php : строка 434
Smarty_Internal_Template::renderTemplate()  файл V:\home\buket_debug\www\App_Code\PHP\Smarty\sysplugins\smarty_internal_template.php : строка 569
Smarty_Internal_Template::getRenderedTemplate()  файл V:\home\buket_debug\www\template\Admin\compile\fa1088946662cb61c83d32d2a4096f68d227b72e.file.modules.tpl.php : строка 51
include(string)  файл V:\home\buket_debug\www\App_Code\PHP\Smarty\sysplugins\smarty_internal_template.php : строка 434
Smarty_Internal_Template::renderTemplate()  файл V:\home\buket_debug\www\App_Code\PHP\Smarty\sysplugins\smarty_internal_template.php : строка 569
Smarty_Internal_Template::getRenderedTemplate()  файл V:\home\buket_debug\www\template\Admin\compile\7ced75265bfcd799de37cf18a7afce014901a53e.file.index.tpl.php : строка 73
include(string)  файл V:\home\buket_debug\www\App_Code\PHP\Smarty\sysplugins\smarty_internal_template.php : строка 434
Smarty_Internal_Template::renderTemplate()  файл V:\home\buket_debug\www\App_Code\PHP\Smarty\sysplugins\smarty_internal_template.php : строка 569
Smarty_Internal_Template::getRenderedTemplate()  файл V:\home\buket_debug\www\App_Code\PHP\Smarty\Smarty.class.php : строка 338
Smarty::fetch(string, NULL, NULL, NULL, boolean)  файл V:\home\buket_debug\www\App_Code\PHP\Smarty\Smarty.class.php : строка 382
Smarty::display(string)  файл V:\home\buket_debug\www\App_Code\BLL\AppEngine.php : строка 570
BLL_AppEngine::Render()  файл V:\home\buket_debug\www\admin\index.php : строка 38
</stack><url>/admin/Bd</url><ip>127.0.0.1</ip></error>
<error><code>0</code><date time='1310468349'>07.12.11 - 16:59:09</date><file>V:\home\buket_debug\www\App_Code\PHP\Smarty\plugins\block.php.php</file><line>21</line><message>{php} is deprecated, set allow_php_tag = true to enable</message><stack>smarty_block_php(array, NULL, object, boolean)  файл V:\home\buket_debug\www\template\Admin\compile\13951ca48fe2f098ac89e4bb186a22ab277c3609.file.module.tpl.php : строка 21
include(string)  файл V:\home\buket_debug\www\App_Code\PHP\Smarty\sysplugins\smarty_internal_template.php : строка 434
Smarty_Internal_Template::renderTemplate()  файл V:\home\buket_debug\www\App_Code\PHP\Smarty\sysplugins\smarty_internal_template.php : строка 569
Smarty_Internal_Template::getRenderedTemplate()  файл V:\home\buket_debug\www\template\Admin\compile\fa1088946662cb61c83d32d2a4096f68d227b72e.file.modules.tpl.php : строка 51
include(string)  файл V:\home\buket_debug\www\App_Code\PHP\Smarty\sysplugins\smarty_internal_template.php : строка 434
Smarty_Internal_Template::renderTemplate()  файл V:\home\buket_debug\www\App_Code\PHP\Smarty\sysplugins\smarty_internal_template.php : строка 569
Smarty_Internal_Template::getRenderedTemplate()  файл V:\home\buket_debug\www\template\Admin\compile\7ced75265bfcd799de37cf18a7afce014901a53e.file.index.tpl.php : строка 73
include(string)  файл V:\home\buket_debug\www\App_Code\PHP\Smarty\sysplugins\smarty_internal_template.php : строка 434
Smarty_Internal_Template::renderTemplate()  файл V:\home\buket_debug\www\App_Code\PHP\Smarty\sysplugins\smarty_internal_template.php : строка 569
Smarty_Internal_Template::getRenderedTemplate()  файл V:\home\buket_debug\www\App_Code\PHP\Smarty\Smarty.class.php : строка 338
Smarty::fetch(string, NULL, NULL, NULL, boolean)  файл V:\home\buket_debug\www\App_Code\PHP\Smarty\Smarty.class.php : строка 382
Smarty::display(string)  файл V:\home\buket_debug\www\App_Code\BLL\AppEngine.php : строка 570
BLL_AppEngine::Render()  файл V:\home\buket_debug\www\admin\index.php : строка 38
</stack><url>/admin/Bd</url><ip>127.0.0.1</ip></error>
<error><code>0</code><date time='1310468351'>07.12.11 - 16:59:11</date><file>V:\home\buket_debug\www\App_Code\PHP\Smarty\plugins\block.php.php</file><line>21</line><message>{php} is deprecated, set allow_php_tag = true to enable</message><stack>smarty_block_php(array, NULL, object, boolean)  файл V:\home\buket_debug\www\template\Admin\compile\13951ca48fe2f098ac89e4bb186a22ab277c3609.file.module.tpl.php : строка 21
include(string)  файл V:\home\buket_debug\www\App_Code\PHP\Smarty\sysplugins\smarty_internal_template.php : строка 434
Smarty_Internal_Template::renderTemplate()  файл V:\home\buket_debug\www\App_Code\PHP\Smarty\sysplugins\smarty_internal_template.php : строка 569
Smarty_Internal_Template::getRenderedTemplate()  файл V:\home\buket_debug\www\template\Admin\compile\fa1088946662cb61c83d32d2a4096f68d227b72e.file.modules.tpl.php : строка 51
include(string)  файл V:\home\buket_debug\www\App_Code\PHP\Smarty\sysplugins\smarty_internal_template.php : строка 434
Smarty_Internal_Template::renderTemplate()  файл V:\home\buket_debug\www\App_Code\PHP\Smarty\sysplugins\smarty_internal_template.php : строка 569
Smarty_Internal_Template::getRenderedTemplate()  файл V:\home\buket_debug\www\template\Admin\compile\7ced75265bfcd799de37cf18a7afce014901a53e.file.index.tpl.php : строка 73
include(string)  файл V:\home\buket_debug\www\App_Code\PHP\Smarty\sysplugins\smarty_internal_template.php : строка 434
Smarty_Internal_Template::renderTemplate()  файл V:\home\buket_debug\www\App_Code\PHP\Smarty\sysplugins\smarty_internal_template.php : строка 569
Smarty_Internal_Template::getRenderedTemplate()  файл V:\home\buket_debug\www\App_Code\PHP\Smarty\Smarty.class.php : строка 338
Smarty::fetch(string, NULL, NULL, NULL, boolean)  файл V:\home\buket_debug\www\App_Code\PHP\Smarty\Smarty.class.php : строка 382
Smarty::display(string)  файл V:\home\buket_debug\www\App_Code\BLL\AppEngine.php : строка 570
BLL_AppEngine::Render()  файл V:\home\buket_debug\www\admin\index.php : строка 38
</stack><url>/admin/Bd</url><ip>127.0.0.1</ip></error>
<error><code>0</code><date time='1310469118'>07.12.11 - 17:11:58</date><file>V:\home\buket_debug\www\App_Code\PHP\Smarty\sysplugins\smarty_internal_wrapper.php</file><line>117</line><message>unknown method &#039;_get_plugin_filepath&#039;</message><stack>Smarty_Internal_Wrapper::convert(string, array)  файл V:\home\buket_debug\www\App_Code\PHP\Smarty\Smarty.class.php : строка 765
Smarty::__call(string, array)  файл V:\home\buket_debug\www\App_Code\PHP\Smarty\plugins\modifier.date_format.php : строка 12
Smarty::_get_plugin_filepath(string, string)  файл V:\home\buket_debug\www\App_Code\PHP\Smarty\plugins\modifier.date_format.php : строка 12
include(string)  файл V:\home\buket_debug\www\template\Admin\compile\e4186f36d2b2f3c755158b9f8775382f153aaecd.file.admin.tpl.cache.php : строка 20
include(string)  файл V:\home\buket_debug\www\App_Code\PHP\Smarty\sysplugins\smarty_internal_template.php : строка 434
Smarty_Internal_Template::renderTemplate()  файл V:\home\buket_debug\www\App_Code\PHP\Smarty\sysplugins\smarty_internal_template.php : строка 569
Smarty_Internal_Template::getRenderedTemplate()  файл V:\home\buket_debug\www\template\Admin\compile\fa1088946662cb61c83d32d2a4096f68d227b72e.file.modules.tpl.cache.php : строка 61
include(string)  файл V:\home\buket_debug\www\App_Code\PHP\Smarty\sysplugins\smarty_internal_template.php : строка 434
Smarty_Internal_Template::renderTemplate()  файл V:\home\buket_debug\www\App_Code\PHP\Smarty\sysplugins\smarty_internal_template.php : строка 569
Smarty_Internal_Template::getRenderedTemplate()  файл V:\home\buket_debug\www\template\Admin\compile\7ced75265bfcd799de37cf18a7afce014901a53e.file.index.tpl.cache.php : строка 88
include(string)  файл V:\home\buket_debug\www\App_Code\PHP\Smarty\sysplugins\smarty_internal_template.php : строка 434
Smarty_Internal_Template::renderTemplate()  файл V:\home\buket_debug\www\App_Code\PHP\Smarty\sysplugins\smarty_internal_template.php : строка 569
Smarty_Internal_Template::getRenderedTemplate()  файл V:\home\buket_debug\www\App_Code\PHP\Smarty\Smarty.class.php : строка 338
Smarty::fetch(string, NULL, NULL, NULL, boolean)  файл V:\home\buket_debug\www\App_Code\PHP\Smarty\Smarty.class.php : строка 382
Smarty::display(string)  файл V:\home\buket_debug\www\App_Code\BLL\AppEngine.php : строка 572
BLL_AppEngine::Render()  файл V:\home\buket_debug\www\admin\index.php : строка 38
</stack><url>/admin/modules/412.php</url><ip>127.0.0.1</ip></error>
<error><code>0</code><date time='1310481276'>07.12.11 - 20:34:36</date><file>V:\home\buket_debug\www\App_Code\PHP\Smarty\plugins\block.php.php</file><line>21</line><message>{php} is deprecated, set allow_php_tag = true to enable</message><stack>smarty_block_php(array, NULL, object, boolean)  файл V:\home\buket_debug\www\template\Admin\compile\7ced75265bfcd799de37cf18a7afce014901a53e.file.index.tpl.cache.php : строка 42
include(string)  файл V:\home\buket_debug\www\App_Code\PHP\Smarty\sysplugins\smarty_internal_template.php : строка 434
Smarty_Internal_Template::renderTemplate()  файл V:\home\buket_debug\www\App_Code\PHP\Smarty\sysplugins\smarty_internal_template.php : строка 569
Smarty_Internal_Template::getRenderedTemplate()  файл V:\home\buket_debug\www\App_Code\PHP\Smarty\Smarty.class.php : строка 338
Smarty::fetch(string, NULL, NULL, NULL, boolean)  файл V:\home\buket_debug\www\App_Code\PHP\Smarty\Smarty.class.php : строка 382
Smarty::display(string)  файл V:\home\buket_debug\www\App_Code\BLL\AppEngine.php : строка 576
BLL_AppEngine::Render()  файл V:\home\buket_debug\www\admin\index.php : строка 38
</stack><url>/admin/PagesList</url><ip>127.0.0.1</ip></error>
<error><code>0</code><date time='1310481443'>07.12.11 - 20:37:23</date><file>V:\home\buket_debug\www\App_Code\PHP\Smarty\sysplugins\smarty_internal_templatecompilerbase.php</file><line>441</line><message>Syntax Error in template &quot;V:/home/buket_debug/www/template/Admin/index.tpl&quot;  on line 54 &quot;&amp;lt;small&amp;gt;&copy; Copyright 2011 &amp;lt;a href=&amp;quot;http://ainform.com&amp;quot;&amp;gt;Ainform&amp;lt;/a&amp;gt; | Powered by Ai | &amp;lt;a href=&amp;quot;#&amp;quot;&amp;gt;Top&amp;lt;/a&amp;gt;&amp;lt;span&amp;gt; время генерации: php}echo sprintf(&amp;quot;%.5f&amp;quot;, microtime(true) - START_TIME);{/php} сек&amp;lt;/span&amp;gt;&amp;lt;/small&amp;gt;&quot; unexpected closing tag</message><stack>Smarty_Internal_TemplateCompilerBase::trigger_template_error(string, integer)  файл V:\home\buket_debug\www\App_Code\PHP\Smarty\sysplugins\smarty_internal_compilebase.php : строка 145
Smarty_Internal_CompileBase::_close_tag(string)  файл V:\home\buket_debug\www\App_Code\PHP\Smarty\sysplugins\smarty_internal_compile_private_block_plugin.php : строка 62
Smarty_Internal_Compile_Private_Block_Plugin::compile(array, object, array, string, string)  файл V:\home\buket_debug\www\App_Code\PHP\Smarty\sysplugins\smarty_internal_templatecompilerbase.php : строка 294
Smarty_Internal_TemplateCompilerBase::callTagCompiler(string, array, array, string, string)  файл V:\home\buket_debug\www\App_Code\PHP\Smarty\sysplugins\smarty_internal_templatecompilerbase.php : строка 247
Smarty_Internal_TemplateCompilerBase::compileTag(string, array)  файл V:\home\buket_debug\www\App_Code\PHP\Smarty\sysplugins\smarty_internal_templateparser.php : строка 2416
Smarty_Internal_Templateparser::yy_r57()  файл V:\home\buket_debug\www\App_Code\PHP\Smarty\sysplugins\smarty_internal_templateparser.php : строка 2846
Smarty_Internal_Templateparser::yy_reduce(integer)  файл V:\home\buket_debug\www\App_Code\PHP\Smarty\sysplugins\smarty_internal_templateparser.php : строка 2946
Smarty_Internal_Templateparser::doParse(integer, string)  файл V:\home\buket_debug\www\App_Code\PHP\Smarty\sysplugins\smarty_internal_smartytemplatecompiler.php : строка 51
Smarty_Internal_SmartyTemplateCompiler::doCompile(string)  файл V:\home\buket_debug\www\App_Code\PHP\Smarty\sysplugins\smarty_internal_templatecompilerbase.php : строка 82
Smarty_Internal_TemplateCompilerBase::compileTemplate(object)  файл V:\home\buket_debug\www\App_Code\PHP\Smarty\sysplugins\smarty_internal_template.php : строка 260
Smarty_Internal_Template::compileTemplateSource()  файл V:\home\buket_debug\www\App_Code\PHP\Smarty\sysplugins\smarty_internal_template.php : строка 424
Smarty_Internal_Template::renderTemplate()  файл V:\home\buket_debug\www\App_Code\PHP\Smarty\sysplugins\smarty_internal_template.php : строка 569
Smarty_Internal_Template::getRenderedTemplate()  файл V:\home\buket_debug\www\App_Code\PHP\Smarty\Smarty.class.php : строка 338
Smarty::fetch(string, NULL, NULL, NULL, boolean)  файл V:\home\buket_debug\www\App_Code\PHP\Smarty\Smarty.class.php : строка 382
Smarty::display(string)  файл V:\home\buket_debug\www\App_Code\BLL\AppEngine.php : строка 577
BLL_AppEngine::Render()  файл V:\home\buket_debug\www\admin\index.php : строка 38
</stack><url>/admin/PagesList</url><ip>127.0.0.1</ip></error>
<error><code>0</code><date time='1310484033'>07.12.11 - 21:20:33</date><file>V:\home\buket_debug\www\App_Code\PHP\Smarty\sysplugins\smarty_internal_templatecompilerbase.php</file><line>441</line><message>Syntax Error in template &quot;V:/home/buket_debug/www/module/Catalog/good.tpl&quot;  on line 8 &quot;&amp;lt;a href=&amp;quot;{$Image.Path}&amp;quot; rel=&amp;quot;shadowbox[goodimages];options={animate: false}&amp;quot; title=&#039;{$Image.Title}&#039;&amp;gt;&quot;  - Unexpected &quot;: &quot;, expected one of: &quot;}&quot; , &quot; &quot;</message><stack>Smarty_Internal_TemplateCompilerBase::trigger_template_error()  файл V:\home\buket_debug\www\App_Code\PHP\Smarty\sysplugins\smarty_internal_templateparser.php : строка 2889
Smarty_Internal_Templateparser::yy_syntax_error(integer, string)  файл V:\home\buket_debug\www\App_Code\PHP\Smarty\sysplugins\smarty_internal_templateparser.php : строка 2954
Smarty_Internal_Templateparser::doParse(integer, string)  файл V:\home\buket_debug\www\App_Code\PHP\Smarty\sysplugins\smarty_internal_smartytemplatecompiler.php : строка 51
Smarty_Internal_SmartyTemplateCompiler::doCompile(string)  файл V:\home\buket_debug\www\App_Code\PHP\Smarty\sysplugins\smarty_internal_templatecompilerbase.php : строка 82
Smarty_Internal_TemplateCompilerBase::compileTemplate(object)  файл V:\home\buket_debug\www\App_Code\PHP\Smarty\sysplugins\smarty_internal_template.php : строка 260
Smarty_Internal_Template::compileTemplateSource()  файл V:\home\buket_debug\www\App_Code\PHP\Smarty\sysplugins\smarty_internal_template.php : строка 424
Smarty_Internal_Template::renderTemplate()  файл V:\home\buket_debug\www\App_Code\PHP\Smarty\sysplugins\smarty_internal_template.php : строка 569
Smarty_Internal_Template::getRenderedTemplate()  файл V:\home\buket_debug\www\template\Default\compile\05d3ac7feef6bd9d2777b836cdddf97d803ef210.file.modules.tpl.cache.php : строка 67
include(string)  файл V:\home\buket_debug\www\App_Code\PHP\Smarty\sysplugins\smarty_internal_template.php : строка 434
Smarty_Internal_Template::renderTemplate()  файл V:\home\buket_debug\www\App_Code\PHP\Smarty\sysplugins\smarty_internal_template.php : строка 569
Smarty_Internal_Template::getRenderedTemplate()  файл V:\home\buket_debug\www\template\Default\compile\ddcdf34a91efac62a3ba2f7471be9bd6b1beba7c.file.index-inside.tpl.cache.php : строка 161
include(string)  файл V:\home\buket_debug\www\App_Code\PHP\Smarty\sysplugins\smarty_internal_template.php : строка 434
Smarty_Internal_Template::renderTemplate()  файл V:\home\buket_debug\www\App_Code\PHP\Smarty\sysplugins\smarty_internal_template.php : строка 569
Smarty_Internal_Template::getRenderedTemplate()  файл V:\home\buket_debug\www\App_Code\PHP\Smarty\Smarty.class.php : строка 338
Smarty::fetch(string, NULL, NULL, NULL, boolean)  файл V:\home\buket_debug\www\App_Code\PHP\Smarty\Smarty.class.php : строка 382
Smarty::display(string)  файл V:\home\buket_debug\www\App_Code\BLL\AppEngine.php : строка 575
BLL_AppEngine::Render()  файл V:\home\buket_debug\www\index.php : строка 21
</stack><url>/internet-magazin/326/good1201/</url><ip>127.0.0.1</ip></error>
<error><code>0</code><date time='1310484275'>07.12.11 - 21:24:35</date><file>V:\home\buket_debug\www\App_Code\PHP\Smarty\sysplugins\smarty_internal_templatecompilerbase.php</file><line>441</line><message>Syntax Error in template &quot;V:/home/buket_debug/www/module/Catalog/good.tpl&quot;  on line 8 &quot;&amp;lt;a href=&amp;quot;{$Image.Path}&amp;quot; rel=&amp;quot;shadowbox[goodimages];options={animate: false}&amp;quot; title=&#039;{$Image.Title}&#039;&amp;gt;&quot;  - Unexpected &quot;: &quot;, expected one of: &quot;}&quot; , &quot; &quot;</message><stack>Smarty_Internal_TemplateCompilerBase::trigger_template_error()  файл V:\home\buket_debug\www\App_Code\PHP\Smarty\sysplugins\smarty_internal_templateparser.php : строка 2889
Smarty_Internal_Templateparser::yy_syntax_error(integer, string)  файл V:\home\buket_debug\www\App_Code\PHP\Smarty\sysplugins\smarty_internal_templateparser.php : строка 2954
Smarty_Internal_Templateparser::doParse(integer, string)  файл V:\home\buket_debug\www\App_Code\PHP\Smarty\sysplugins\smarty_internal_smartytemplatecompiler.php : строка 51
Smarty_Internal_SmartyTemplateCompiler::doCompile(string)  файл V:\home\buket_debug\www\App_Code\PHP\Smarty\sysplugins\smarty_internal_templatecompilerbase.php : строка 82
Smarty_Internal_TemplateCompilerBase::compileTemplate(object)  файл V:\home\buket_debug\www\App_Code\PHP\Smarty\sysplugins\smarty_internal_template.php : строка 260
Smarty_Internal_Template::compileTemplateSource()  файл V:\home\buket_debug\www\App_Code\PHP\Smarty\sysplugins\smarty_internal_template.php : строка 424
Smarty_Internal_Template::renderTemplate()  файл V:\home\buket_debug\www\App_Code\PHP\Smarty\sysplugins\smarty_internal_template.php : строка 569
Smarty_Internal_Template::getRenderedTemplate()  файл V:\home\buket_debug\www\template\Default\compile\05d3ac7feef6bd9d2777b836cdddf97d803ef210.file.modules.tpl.cache.php : строка 67
include(string)  файл V:\home\buket_debug\www\App_Code\PHP\Smarty\sysplugins\smarty_internal_template.php : строка 434
Smarty_Internal_Template::renderTemplate()  файл V:\home\buket_debug\www\App_Code\PHP\Smarty\sysplugins\smarty_internal_template.php : строка 569
Smarty_Internal_Template::getRenderedTemplate()  файл V:\home\buket_debug\www\template\Default\compile\ddcdf34a91efac62a3ba2f7471be9bd6b1beba7c.file.index-inside.tpl.cache.php : строка 161
include(string)  файл V:\home\buket_debug\www\App_Code\PHP\Smarty\sysplugins\smarty_internal_template.php : строка 434
Smarty_Internal_Template::renderTemplate()  файл V:\home\buket_debug\www\App_Code\PHP\Smarty\sysplugins\smarty_internal_template.php : строка 569
Smarty_Internal_Template::getRenderedTemplate()  файл V:\home\buket_debug\www\App_Code\PHP\Smarty\Smarty.class.php : строка 338
Smarty::fetch(string, NULL, NULL, NULL, boolean)  файл V:\home\buket_debug\www\App_Code\PHP\Smarty\Smarty.class.php : строка 382
Smarty::display(string)  файл V:\home\buket_debug\www\App_Code\BLL\AppEngine.php : строка 575
BLL_AppEngine::Render()  файл V:\home\buket_debug\www\index.php : строка 21
</stack><url>/internet-magazin/326/good1201/</url><ip>127.0.0.1</ip></error>
<error><code>0</code><date time='1310556771'>07.13.11 - 17:32:51</date><file>V:\home\buket_debug\www\App_Code\Zend\Cache.php</file><line>209</line><message>cache_dir must be a directory</message><stack>Zend_Cache::throwException(string)  файл V:\library\Zend\Cache\Backend\File.php : строка 154
Zend_Cache_Backend_File::setCacheDir(string)  файл V:\library\Zend\Cache\Backend\File.php : строка 121
Zend_Cache_Backend_File::__construct(array)  файл V:\home\buket_debug\www\App_Code\Zend\Cache.php : строка 153
Zend_Cache::_makeBackend(string, array, boolean, boolean)  файл V:\home\buket_debug\www\App_Code\Zend\Cache.php : строка 94
Zend_Cache::factory(string, string, array, array)  файл V:\home\buket_debug\www\App_Code\BLL\AppEngine.php : строка 254
BLL_AppEngine::LoadPage()  файл V:\home\buket_debug\www\admin\index.php : строка 36
</stack><url>/admin/modules/567.php</url><ip>127.0.0.1</ip></error>
<error><code>0</code><date time='1310556795'>07.13.11 - 17:33:15</date><file>V:\home\buket_debug\www\App_Code\Zend\Cache.php</file><line>209</line><message>cache_dir must be a directory</message><stack>Zend_Cache::throwException(string)  файл V:\library\Zend\Cache\Backend\File.php : строка 154
Zend_Cache_Backend_File::setCacheDir(string)  файл V:\library\Zend\Cache\Backend\File.php : строка 121
Zend_Cache_Backend_File::__construct(array)  файл V:\home\buket_debug\www\App_Code\Zend\Cache.php : строка 153
Zend_Cache::_makeBackend(string, array, boolean, boolean)  файл V:\home\buket_debug\www\App_Code\Zend\Cache.php : строка 94
Zend_Cache::factory(string, string, array, array)  файл V:\home\buket_debug\www\App_Code\BLL\AppEngine.php : строка 254
BLL_AppEngine::LoadPage()  файл V:\home\buket_debug\www\admin\index.php : строка 36
</stack><url>/admin/modules/567.php</url><ip>127.0.0.1</ip></error>
<error><code>0</code><date time='1310557788'>07.13.11 - 17:49:48</date><file>V:\home\buket_debug\www\App_Code\Zend\Cache.php</file><line>209</line><message>Datas must be string or set automatic_serialization = true</message><stack>Zend_Cache::throwException(string)  файл V:\library\Zend\Cache\Core.php : строка 360
Zend_Cache_Core::save(boolean, string)  файл V:\home\buket_debug\www\App_Code\DAL\DbManager.php : строка 135
DAL_DbManager::ExecuteQuery(string)  файл V:\home\buket_debug\www\App_Code\DAL\DbManager.php : строка 84
DAL_DbManager::OpenConnection()  файл V:\home\buket_debug\www\App_Code\DAL\BaseDb.php : строка 93
DAL_BaseDb::__construct()  файл V:\home\buket_debug\www\App_Code\BLL\AppEngine.php : строка 362
BLL_AppEngine::LoadPage()  файл V:\home\buket_debug\www\admin\index.php : строка 36
</stack><url>/admin/PagesList</url><ip>127.0.0.1</ip></error>
<error><code>0</code><date time='1310557789'>07.13.11 - 17:49:49</date><file>V:\home\buket_debug\www\App_Code\Zend\Cache.php</file><line>209</line><message>Datas must be string or set automatic_serialization = true</message><stack>Zend_Cache::throwException(string)  файл V:\library\Zend\Cache\Core.php : строка 360
Zend_Cache_Core::save(boolean, string)  файл V:\home\buket_debug\www\App_Code\DAL\DbManager.php : строка 135
DAL_DbManager::ExecuteQuery(string)  файл V:\home\buket_debug\www\App_Code\DAL\DbManager.php : строка 84
DAL_DbManager::OpenConnection()  файл V:\home\buket_debug\www\App_Code\DAL\BaseDb.php : строка 93
DAL_BaseDb::__construct()  файл V:\home\buket_debug\www\App_Code\DAL\PagesDb.php : строка 62
DAL_PagesDb::__construct()  файл V:\home\buket_debug\www\App_Code\BMC\SiteMap.php : строка 445
BMC_SiteMap::GenPagesXML()  файл V:\home\buket_debug\www\App_Code\BMC\SiteMap.php : строка 549
BMC_SiteMap::Update()  файл V:\home\buket_debug\www\App_Code\BLL\AppEngine.php : строка 606
BLL_AppEngine::__construct()  файл V:\home\buket_debug\www\index.php : строка 15
</stack><url>/favicon.ico</url><ip>127.0.0.1</ip></error>
<error><code>0</code><date time='1310623992'>07.14.11 - 12:13:12</date><file>V:\home\buket_debug\www\App_Code\Utility\PhpConsole.php</file><line>198</line><message>setcookie() failed because haders are sent (V:\home\buket_debug\www\functions.php:1). Try to use ob_start()</message><stack>Utility_PhpConsole::setCookie(string, string)  файл V:\home\buket_debug\www\App_Code\Utility\PhpConsole.php : строка 204
Utility_PhpConsole::sendMessages(array)  файл V:\home\buket_debug\www\App_Code\Utility\PhpConsole.php : строка 183
Utility_PhpConsole::flushMessagesBuffer()  файл V:\home\buket_debug\www\App_Code\Utility\PhpConsole.php : строка 171
Utility_PhpConsole::pushMessageToBuffer(array)  файл V:\home\buket_debug\www\App_Code\Utility\PhpConsole.php : строка 127
Utility_PhpConsole::sendEventToClient(object)  файл V:\home\buket_debug\www\App_Code\Utility\PhpConsole.php : строка 61
Utility_PhpConsole::handle(object)  файл V:\home\buket_debug\www\App_Code\Utility\PhpConsole.php : строка 256
Utility_PhpConsole::handleError(integer, string, string, integer, array) 
setcookie(string, string, integer, string)  файл V:\home\buket_debug\www\App_Code\BMC\Authentication.php : строка 125
BMC_Authentication::LogOut()  файл V:\home\buket_debug\www\admin\module\SignOut\module.php : строка 7
SignOutModule::DataBind()  файл V:\home\buket_debug\www\App_Code\BLL\AppEngine.php : строка 558
BLL_AppEngine::GetModules()  файл V:\home\buket_debug\www\App_Code\BLL\AppEngine.php : строка 391
BLL_AppEngine::LoadPage()  файл V:\home\buket_debug\www\admin\index.php : строка 36
</stack><url>/admin/SignOut</url><ip>127.0.0.1</ip></error>
<error><code>0</code><date time='1310624026'>07.14.11 - 12:13:46</date><file>V:\home\buket_debug\www\App_Code\Utility\PhpConsole.php</file><line>198</line><message>setcookie() failed because haders are sent (V:\home\buket_debug\www\functions.php:1). Try to use ob_start()</message><stack>Utility_PhpConsole::setCookie(string, string)  файл V:\home\buket_debug\www\App_Code\Utility\PhpConsole.php : строка 204
Utility_PhpConsole::sendMessages(array)  файл V:\home\buket_debug\www\App_Code\Utility\PhpConsole.php : строка 183
Utility_PhpConsole::flushMessagesBuffer()  файл V:\home\buket_debug\www\App_Code\Utility\PhpConsole.php : строка 171
Utility_PhpConsole::pushMessageToBuffer(array)  файл V:\home\buket_debug\www\App_Code\Utility\PhpConsole.php : строка 127
Utility_PhpConsole::sendEventToClient(object)  файл V:\home\buket_debug\www\App_Code\Utility\PhpConsole.php : строка 61
Utility_PhpConsole::handle(object)  файл V:\home\buket_debug\www\App_Code\Utility\PhpConsole.php : строка 256
Utility_PhpConsole::handleError(integer, string, string, integer, array) 
setcookie(string, string, integer, string)  файл V:\home\buket_debug\www\App_Code\BMC\Authentication.php : строка 125
BMC_Authentication::LogOut()  файл V:\home\buket_debug\www\admin\module\SignOut\module.php : строка 7
SignOutModule::DataBind()  файл V:\home\buket_debug\www\App_Code\BLL\AppEngine.php : строка 558
BLL_AppEngine::GetModules()  файл V:\home\buket_debug\www\App_Code\BLL\AppEngine.php : строка 391
BLL_AppEngine::LoadPage()  файл V:\home\buket_debug\www\admin\index.php : строка 36
</stack><url>/admin/SignOut</url><ip>127.0.0.1</ip></error>
<error><code>0</code><date time='1310630535'>07.14.11 - 14:02:15</date><file>V:\home\buket_debug\www\App_Code\PHP\Smarty\sysplugins\smarty_internal_templatecompilerbase.php</file><line>441</line><message>Syntax Error in template &quot;V:/home/buket_debug/www/module/News/admin.tpl&quot;  on line 30 &quot;{/foreach}&quot; unknown tag &quot;foreachclose&quot;</message><stack>Smarty_Internal_TemplateCompilerBase::trigger_template_error(string, integer)  файл V:\home\buket_debug\www\App_Code\PHP\Smarty\sysplugins\smarty_internal_templatecompilerbase.php : строка 263
Smarty_Internal_TemplateCompilerBase::compileTag(string, array)  файл V:\home\buket_debug\www\App_Code\PHP\Smarty\sysplugins\smarty_internal_templateparser.php : строка 2416
Smarty_Internal_Templateparser::yy_r57()  файл V:\home\buket_debug\www\App_Code\PHP\Smarty\sysplugins\smarty_internal_templateparser.php : строка 2846
Smarty_Internal_Templateparser::yy_reduce(integer)  файл V:\home\buket_debug\www\App_Code\PHP\Smarty\sysplugins\smarty_internal_templateparser.php : строка 2946
Smarty_Internal_Templateparser::doParse(integer, string)  файл V:\home\buket_debug\www\App_Code\PHP\Smarty\sysplugins\smarty_internal_smartytemplatecompiler.php : строка 51
Smarty_Internal_SmartyTemplateCompiler::doCompile(string)  файл V:\home\buket_debug\www\App_Code\PHP\Smarty\sysplugins\smarty_internal_templatecompilerbase.php : строка 82
Smarty_Internal_TemplateCompilerBase::compileTemplate(object)  файл V:\home\buket_debug\www\App_Code\PHP\Smarty\sysplugins\smarty_internal_template.php : строка 260
Smarty_Internal_Template::compileTemplateSource()  файл V:\home\buket_debug\www\App_Code\PHP\Smarty\sysplugins\smarty_internal_template.php : строка 424
Smarty_Internal_Template::renderTemplate()  файл V:\home\buket_debug\www\App_Code\PHP\Smarty\sysplugins\smarty_internal_template.php : строка 569
Smarty_Internal_Template::getRenderedTemplate()  файл V:\home\buket_debug\www\template\Admin\compile\fa1088946662cb61c83d32d2a4096f68d227b72e.file.modules.tpl.php : строка 52
include(string)  файл V:\home\buket_debug\www\App_Code\PHP\Smarty\sysplugins\smarty_internal_template.php : строка 434
Smarty_Internal_Template::renderTemplate()  файл V:\home\buket_debug\www\App_Code\PHP\Smarty\sysplugins\smarty_internal_template.php : строка 569
Smarty_Internal_Template::getRenderedTemplate()  файл V:\home\buket_debug\www\template\Admin\compile\7ced75265bfcd799de37cf18a7afce014901a53e.file.index.tpl.php : строка 27
include(string)  файл V:\home\buket_debug\www\App_Code\PHP\Smarty\sysplugins\smarty_internal_template.php : строка 434
Smarty_Internal_Template::renderTemplate()  файл V:\home\buket_debug\www\App_Code\PHP\Smarty\sysplugins\smarty_internal_template.php : строка 569
Smarty_Internal_Template::getRenderedTemplate()  файл V:\home\buket_debug\www\App_Code\PHP\Smarty\Smarty.class.php : строка 338
Smarty::fetch(string, NULL, NULL, NULL, boolean)  файл V:\home\buket_debug\www\App_Code\PHP\Smarty\Smarty.class.php : строка 382
Smarty::display(string)  файл V:\home\buket_debug\www\App_Code\BLL\AppEngine.php : строка 580
BLL_AppEngine::Render()  файл V:\home\buket_debug\www\admin\index.php : строка 38
</stack><url>/admin/modules/412.php</url><ip>127.0.0.1</ip></error>
<error><code>0</code><date time='1310707655'>07.15.11 - 11:27:35</date><file>V:\home\buket_debug\www\App_Code\PHP\Smarty\sysplugins\smarty_internal_templatecompilerbase.php</file><line>441</line><message>Syntax Error in template &quot;V:/home/buket_debug/www/module/News/admin.tpl&quot;  on line 1 &quot;{formgenerate list=$Data.NewsList}&quot; unknown tag &quot;formgenerate&quot;</message><stack>Smarty_Internal_TemplateCompilerBase::trigger_template_error(string, integer)  файл V:\home\buket_debug\www\App_Code\PHP\Smarty\sysplugins\smarty_internal_templatecompilerbase.php : строка 263
Smarty_Internal_TemplateCompilerBase::compileTag(string, array)  файл V:\home\buket_debug\www\App_Code\PHP\Smarty\sysplugins\smarty_internal_templateparser.php : строка 2353
Smarty_Internal_Templateparser::yy_r37()  файл V:\home\buket_debug\www\App_Code\PHP\Smarty\sysplugins\smarty_internal_templateparser.php : строка 2846
Smarty_Internal_Templateparser::yy_reduce(integer)  файл V:\home\buket_debug\www\App_Code\PHP\Smarty\sysplugins\smarty_internal_templateparser.php : строка 2946
Smarty_Internal_Templateparser::doParse(integer, string)  файл V:\home\buket_debug\www\App_Code\PHP\Smarty\sysplugins\smarty_internal_smartytemplatecompiler.php : строка 51
Smarty_Internal_SmartyTemplateCompiler::doCompile(string)  файл V:\home\buket_debug\www\App_Code\PHP\Smarty\sysplugins\smarty_internal_templatecompilerbase.php : строка 82
Smarty_Internal_TemplateCompilerBase::compileTemplate(object)  файл V:\home\buket_debug\www\App_Code\PHP\Smarty\sysplugins\smarty_internal_template.php : строка 260
Smarty_Internal_Template::compileTemplateSource()  файл V:\home\buket_debug\www\App_Code\PHP\Smarty\sysplugins\smarty_internal_template.php : строка 424
Smarty_Internal_Template::renderTemplate()  файл V:\home\buket_debug\www\App_Code\PHP\Smarty\sysplugins\smarty_internal_template.php : строка 569
Smarty_Internal_Template::getRenderedTemplate()  файл V:\home\buket_debug\www\template\Admin\compile\fa1088946662cb61c83d32d2a4096f68d227b72e.file.modules.tpl.php : строка 52
include(string)  файл V:\home\buket_debug\www\App_Code\PHP\Smarty\sysplugins\smarty_internal_template.php : строка 434
Smarty_Internal_Template::renderTemplate()  файл V:\home\buket_debug\www\App_Code\PHP\Smarty\sysplugins\smarty_internal_template.php : строка 569
Smarty_Internal_Template::getRenderedTemplate()  файл V:\home\buket_debug\www\template\Admin\compile\7ced75265bfcd799de37cf18a7afce014901a53e.file.index.tpl.php : строка 27
include(string)  файл V:\home\buket_debug\www\App_Code\PHP\Smarty\sysplugins\smarty_internal_template.php : строка 434
Smarty_Internal_Template::renderTemplate()  файл V:\home\buket_debug\www\App_Code\PHP\Smarty\sysplugins\smarty_internal_template.php : строка 569
Smarty_Internal_Template::getRenderedTemplate()  файл V:\home\buket_debug\www\App_Code\PHP\Smarty\Smarty.class.php : строка 338
Smarty::fetch(string, NULL, NULL, NULL, boolean)  файл V:\home\buket_debug\www\App_Code\PHP\Smarty\Smarty.class.php : строка 382
Smarty::display(string)  файл V:\home\buket_debug\www\App_Code\BLL\AppEngine.php : строка 581
BLL_AppEngine::Render()  файл V:\home\buket_debug\www\admin\index.php : строка 38
</stack><url>/admin/modules/412.php</url><ip>127.0.0.1</ip></error>
<error><code>0</code><date time='1310801412'>07.16.11 - 13:30:12</date><file>V:\home\buket_debug\www\App_Code\PHP\Smarty\Smarty.class.php</file><line>752</line><message>property &#039;theme&#039; does not exist.</message><stack>Smarty::__call(string, array)  файл V:\home\buket_debug\www\App_Code\BLL\AppEngine.php : строка 609
Smarty::SetTheme(string)  файл V:\home\buket_debug\www\App_Code\BLL\AppEngine.php : строка 609
BLL_AppEngine::__construct()  файл V:\home\buket_debug\www\index.php : строка 15
</stack><url>/internet-magazin/</url><ip>127.0.0.1</ip></error>
<error><code>0</code><date time='1310801412'>07.16.11 - 13:30:12</date><file>V:\home\buket_debug\www\App_Code\PHP\Smarty\Smarty.class.php</file><line>752</line><message>property &#039;theme&#039; does not exist.</message><stack>Smarty::__call(string, array)  файл V:\home\buket_debug\www\App_Code\BLL\AppEngine.php : строка 609
Smarty::SetTheme(string)  файл V:\home\buket_debug\www\App_Code\BLL\AppEngine.php : строка 609
BLL_AppEngine::__construct()  файл V:\home\buket_debug\www\index.php : строка 15
</stack><url>/favicon.ico</url><ip>127.0.0.1</ip></error>
Неверный запрос "SELECT cg.GoodArticle as Article, g.Price, g.GoodId, g.SectionId, g.Description, cg.Default, g.Title as Text, ch.Title, ch.photo, ch.CharactersId as CharactId
										 FROM CharactOfGood cg
										 INNER JOIN Characteristics ch ON ch.charactersId = cg.chid
										 INNER JOIN Goods g ON g.code = cg.GoodArticle
										 WHERE cg.goodid = 737 ORDER BY ch.Order ASC, g.Price ASC" (Table 'buket_debug.charactofgood' doesn't exist)
Неверный запрос "SELECT cg.GoodArticle as Article, g.Price, g.GoodId, g.SectionId, g.Description, cg.Default, g.Title as Text, ch.Title, ch.photo, ch.CharactersId as CharactId
										 FROM CharactOfGood cg
										 INNER JOIN Characteristics ch ON ch.charactersId = cg.chid
										 INNER JOIN Goods g ON g.code = cg.GoodArticle
										 WHERE cg.goodid = 737 ORDER BY ch.Order ASC, g.Price ASC" (Table 'buket_debug.charactofgood' doesn't exist)
Неверный запрос "SELECT cg.GoodArticle as Article, g.Price, g.GoodId, g.SectionId, g.Description, cg.Default, g.Title as Text, ch.Title, ch.photo, ch.CharactersId as CharactId
										 FROM CharactOfGood cg
										 INNER JOIN Characteristics ch ON ch.charactersId = cg.chid
										 INNER JOIN Goods g ON g.code = cg.GoodArticle
										 WHERE cg.goodid = 737 ORDER BY ch.Order ASC, g.Price ASC" (Table 'buket_debug.charactofgood' doesn't exist)
Неверный запрос "SELECT cg.GoodArticle as Article, g.Price, g.GoodId, g.SectionId, g.Description, cg.Default, g.Title as Text, ch.Title, ch.photo, ch.CharactersId as CharactId
										 FROM CharactOfGood cg
										 INNER JOIN Characteristics ch ON ch.charactersId = cg.chid
										 INNER JOIN Goods g ON g.code = cg.GoodArticle
										 WHERE cg.goodid = 737 ORDER BY ch.Order ASC, g.Price ASC" (Table 'buket_debug.charactofgood' doesn't exist)
